0 info it worked if it ends with ok
1 verbose cli [ 'D:\\Program\\nodejs\\node.exe',
1 verbose cli   'D:\\Program\\nodejs\\mod-global\\node_modules\\cnpm\\node_modules\\npm\\bin\\npm-cli.js',
1 verbose cli   '--userconfig=C:\\Users\\Easier\\.cnpmrc',
1 verbose cli   '--disturl=https://npm.taobao.org/mirrors/node',
1 verbose cli   '--registry=http://registry.npmjs.org',
1 verbose cli   'publish',
1 verbose cli   '--registry',
1 verbose cli   'http://registry.npmjs.org' ]
2 info using npm@3.10.10
3 info using node@v6.11.3
4 verbose publish [ '.' ]
5 silly cache add args [ '.', null ]
6 verbose cache add spec .
7 silly cache add parsed spec Result {
7 silly cache add   raw: '.',
7 silly cache add   scope: null,
7 silly cache add   escapedName: null,
7 silly cache add   name: null,
7 silly cache add   rawSpec: '.',
7 silly cache add   spec: 'D:\\zRepo\\zLearn\\WebProjects\\qtp-client',
7 silly cache add   type: 'directory' }
8 verbose addLocalDirectory C:\Users\Easier\AppData\Roaming\npm-cache\qtp-client\1.0.8\package.tgz not in flight; packing
9 verbose correctMkdir C:\Users\Easier\AppData\Roaming\npm-cache correctMkdir not in flight; initializing
10 info lifecycle qtp-client@1.0.8~prepublish: qtp-client@1.0.8
11 silly lifecycle qtp-client@1.0.8~prepublish: no script for prepublish, continuing
12 verbose tar pack [ 'C:\\Users\\Easier\\AppData\\Roaming\\npm-cache\\qtp-client\\1.0.8\\package.tgz',
12 verbose tar pack   'D:\\zRepo\\zLearn\\WebProjects\\qtp-client' ]
13 verbose tarball C:\Users\Easier\AppData\Roaming\npm-cache\qtp-client\1.0.8\package.tgz
14 verbose folder D:\zRepo\zLearn\WebProjects\qtp-client
15 verbose addLocalTarball adding from inside cache C:\Users\Easier\AppData\Roaming\npm-cache\qtp-client\1.0.8\package.tgz
16 verbose correctMkdir C:\Users\Easier\AppData\Roaming\npm-cache correctMkdir not in flight; initializing
17 silly cache afterAdd qtp-client@1.0.8
18 verbose afterAdd C:\Users\Easier\AppData\Roaming\npm-cache\qtp-client\1.0.8\package\package.json not in flight; writing
19 verbose correctMkdir C:\Users\Easier\AppData\Roaming\npm-cache correctMkdir not in flight; initializing
20 verbose afterAdd C:\Users\Easier\AppData\Roaming\npm-cache\qtp-client\1.0.8\package\package.json written
21 silly publish { name: 'qtp-client',
21 silly publish   version: '1.0.8',
21 silly publish   description: 'qtp-client',
21 silly publish   main: 'index.js',
21 silly publish   scripts: { test: 'node test/index.js' },
21 silly publish   repository:
21 silly publish    { type: 'git',
21 silly publish      url: 'git+https://github.com/EasierChan/qtp-client.git' },
21 silly publish   keywords: [ 'QTP' ],
21 silly publish   author: { name: 'easier-chan' },
21 silly publish   license: 'MIT',
21 silly publish   bugs: { url: 'https://github.com/EasierChan/qtp-client/issues' },
21 silly publish   homepage: 'https://github.com/EasierChan/qtp-client#readme',
21 silly publish   readme: '# Description\n\n- 接口列表\n\n```\nconnect(port, host)\n\nonConnect\n\nonClose\n\nsend(msgtype, body, service=0)\n\nsendWithOption(msgtype, options, body, service)\n\nsubscribe(topic, keys)\n\naddSlot(..slots)\n\n```\n\n## 附录\n\n- Slot 结构\n\n```\n {\n   service : number\n   msgtype : number\n   callback: Function\n   context : optional\n }\n```\n\n- Option结构\n```\n  {\n    id: number;\n    value: Buffer;\n  }\n```\n\n## Example\n```\nconst qtpmodule = require(\'qtp-client\');\n\nlet qtp = new qtpmodule.QtpService();\nqtp.connect(6001, \'172.24.13.23\');\nqtp.onConnect = () => {\n  console.info(`onConnect`);\n  qtp.send(101, JSON.stringify({ data: { user_id: 100101, password: "1223" } }), 10);\n};\n\nqtp.onClose = () => {\n  console.info("onClose");\n};\n\nqtp.addSlot({\n  service: 10,\n  msgtype: 102,\n  callback: (msg)=> {\n    qtp.sendToCMS("getProduct", JSON.stringify({ data: { body: { user_id: 100101 } } }));\n  }\n});\n\nqtp.addSlotOfCMS("getProduct", (arg) => {\n  console.info("hello");\n}, this);\n```\n\n## ChangLog\n- version 1.0.7\n  update\n- version 1.0.6\n  update\n\n- version 1.0.5\n  add CMS-special interface;\n\n\n- version 1.0.4\n\n  fix subscribe issue;',
21 silly publish   readmeFilename: 'Readme.md',
21 silly publish   gitHead: '50a0b1bdd59fd534d4edb6a02cc7dbeedab29d96',
21 silly publish   _id: 'qtp-client@1.0.8',
21 silly publish   _shasum: 'a8cfd37792356c93a9a472f89e9cc81e28b7d961',
21 silly publish   _from: '.' }
22 verbose getPublishConfig undefined
23 silly mapToRegistry name qtp-client
24 silly mapToRegistry using default registry
25 silly mapToRegistry registry http://registry.npmjs.org/
26 silly mapToRegistry data Result {
26 silly mapToRegistry   raw: 'qtp-client',
26 silly mapToRegistry   scope: null,
26 silly mapToRegistry   escapedName: 'qtp-client',
26 silly mapToRegistry   name: 'qtp-client',
26 silly mapToRegistry   rawSpec: '',
26 silly mapToRegistry   spec: 'latest',
26 silly mapToRegistry   type: 'tag' }
27 silly mapToRegistry uri http://registry.npmjs.org/qtp-client
28 verbose publish registryBase http://registry.npmjs.org/
29 silly publish uploading C:\Users\Easier\AppData\Roaming\npm-cache\qtp-client\1.0.8\package.tgz
30 verbose request uri http://registry.npmjs.org/qtp-client
31 verbose request sending authorization for write operation
32 info attempt registry request try #1 at 15:04:57
33 verbose request using bearer token for auth
34 verbose request id 8a11dd72e24ff888
35 http request PUT http://registry.npmjs.org/qtp-client
36 http 403 http://registry.npmjs.org/qtp-client
37 verbose headers { 'content-type': 'application/json',
37 verbose headers   'cache-control': 'max-age=300',
37 verbose headers   'content-length': '91',
37 verbose headers   'accept-ranges': 'bytes',
37 verbose headers   date: 'Mon, 04 Dec 2017 07:04:56 GMT',
37 verbose headers   via: '1.1 varnish',
37 verbose headers   connection: 'keep-alive',
37 verbose headers   'x-served-by': 'cache-nrt6133-NRT',
37 verbose headers   'x-cache': 'MISS',
37 verbose headers   'x-cache-hits': '0',
37 verbose headers   'x-timer': 'S1512371096.128951,VS0,VE350',
37 verbose headers   vary: 'Accept-Encoding, Accept' }
38 verbose request invalidating C:\Users\Easier\AppData\Roaming\npm-cache\registry.npmjs.org\qtp-client on PUT
39 error publish Failed PUT 403
40 verbose stack Error: You cannot publish over the previously published version 1.0.8. : qtp-client
40 verbose stack     at makeError (D:\Program\nodejs\mod-global\node_modules\cnpm\node_modules\npm\node_modules\npm-registry-client\lib\request.js:302:12)
40 verbose stack     at CachingRegistryClient.<anonymous> (D:\Program\nodejs\mod-global\node_modules\cnpm\node_modules\npm\node_modules\npm-registry-client\lib\request.js:290:14)
40 verbose stack     at Request._callback (D:\Program\nodejs\mod-global\node_modules\cnpm\node_modules\npm\node_modules\npm-registry-client\lib\request.js:210:14)
40 verbose stack     at Request.self.callback (D:\Program\nodejs\mod-global\node_modules\cnpm\node_modules\npm\node_modules\request\request.js:187:22)
40 verbose stack     at emitTwo (events.js:106:13)
40 verbose stack     at Request.emit (events.js:191:7)
40 verbose stack     at Request.<anonymous> (D:\Program\nodejs\mod-global\node_modules\cnpm\node_modules\npm\node_modules\request\request.js:1048:10)
40 verbose stack     at emitOne (events.js:96:13)
40 verbose stack     at Request.emit (events.js:188:7)
40 verbose stack     at IncomingMessage.<anonymous> (D:\Program\nodejs\mod-global\node_modules\cnpm\node_modules\npm\node_modules\request\request.js:969:12)
41 verbose statusCode 403
42 verbose pkgid qtp-client
43 verbose cwd D:\zRepo\zLearn\WebProjects\qtp-client
44 error Windows_NT 10.0.16299
45 error argv "D:\\Program\\nodejs\\node.exe" "D:\\Program\\nodejs\\mod-global\\node_modules\\cnpm\\node_modules\\npm\\bin\\npm-cli.js" "--userconfig=C:\\Users\\Easier\\.cnpmrc" "--disturl=https://npm.taobao.org/mirrors/node" "--registry=http://registry.npmjs.org" "publish" "--registry" "http://registry.npmjs.org"
46 error node v6.11.3
47 error npm  v3.10.10
48 error code E403
49 error You cannot publish over the previously published version 1.0.8. : qtp-client
50 error If you need help, you may report this error at:
50 error     <https://github.com/npm/npm/issues>
51 verbose exit [ 1, true ]
